This is pdfTeX, Version 3.14159265-2.6-1.40.16 (TeX Live 2015/Debian) (preloaded format=pdflatex 2017.8.22)  28 SEP 2017 12:21
entering extended mode
 restricted \write18 enabled.
 %&-line parsing enabled.
**JPCSLaTeXGuidelines.tex
(./JPCSLaTeXGuidelines.tex
LaTeX2e <2016/02/01>
Babel <3.9q> and hyphenation patterns for 81 language(s) loaded.
(./jpconf.cls
Document Class: jpconf 2007/03/07 v1.1 LaTeX class for Journal of Physics: Conf
erence Series
(./jpconf11.clo
File: jpconf11.clo 2005/05/04 v1.0 LaTeX2e file (size option)
)
\indentedwidth=\skip41
\mathindent=\dimen102
\c@oldftnote=\count79
\c@section=\count80
\c@subsection=\count81
\c@subsubsection=\count82
\c@paragraph=\count83
\c@subparagraph=\count84
\c@figure=\count85
\c@table=\count86
\abovecaptionskip=\skip42
\belowcaptionskip=\skip43
\bibindent=\dimen103
\c@eqnval=\count87
)
(/usr/share/texlive/texmf-dist/tex/latex/graphics/graphicx.sty
Package: graphicx 2014/10/28 v1.0g Enhanced LaTeX Graphics (DPC,SPQR)

(/usr/share/texlive/texmf-dist/tex/latex/graphics/keyval.sty
Package: keyval 2014/10/28 v1.15 key=value parser (DPC)
\KV@toks@=\toks14
)
(/usr/share/texlive/texmf-dist/tex/latex/graphics/graphics.sty
Package: graphics 2016/01/03 v1.0q Standard LaTeX Graphics (DPC,SPQR)

(/usr/share/texlive/texmf-dist/tex/latex/graphics/trig.sty
Package: trig 2016/01/03 v1.10 sin cos tan (DPC)
)
(/usr/share/texlive/texmf-dist/tex/latex/latexconfig/graphics.cfg
File: graphics.cfg 2010/04/23 v1.9 graphics configuration of TeX Live
)
Package graphics Info: Driver file: pdftex.def on input line 95.

(/usr/share/texlive/texmf-dist/tex/latex/pdftex-def/pdftex.def
File: pdftex.def 2011/05/27 v0.06d Graphics/color for pdfTeX

(/usr/share/texlive/texmf-dist/tex/generic/oberdiek/infwarerr.sty
Package: infwarerr 2010/04/08 v1.3 Providing info/warning/error messages (HO)
)
(/usr/share/texlive/texmf-dist/tex/generic/oberdiek/ltxcmds.sty
Package: ltxcmds 2011/11/09 v1.22 LaTeX kernel commands for general use (HO)
)
\Gread@gobject=\count88
))
\Gin@req@height=\dimen104
\Gin@req@width=\dimen105
)
(./JPCSLaTeXGuidelines.aux

LaTeX Warning: Label `label' multiply defined.


LaTeX Warning: Label `label' multiply defined.

)
\openout1 = `JPCSLaTeXGuidelines.aux'.

LaTeX Font Info:    Checking defaults for OML/cmm/m/it on input line 3.
LaTeX Font Info:    ... okay on input line 3.
LaTeX Font Info:    Checking defaults for T1/cmr/m/n on input line 3.
LaTeX Font Info:    ... okay on input line 3.
LaTeX Font Info:    Checking defaults for OT1/cmr/m/n on input line 3.
LaTeX Font Info:    ... okay on input line 3.
LaTeX Font Info:    Checking defaults for OMS/cmsy/m/n on input line 3.
LaTeX Font Info:    ... okay on input line 3.
LaTeX Font Info:    Checking defaults for OMX/cmex/m/n on input line 3.
LaTeX Font Info:    ... okay on input line 3.
LaTeX Font Info:    Checking defaults for U/cmr/m/n on input line 3.
LaTeX Font Info:    ... okay on input line 3.
 (/usr/share/texlive/texmf-dist/tex/context/base/supp-pdf.mkii
[Loading MPS to PDF converter (version 2006.09.02).]
\scratchcounter=\count89
\scratchdimen=\dimen106
\scratchbox=\box26
\nofMPsegments=\count90
\nofMParguments=\count91
\everyMPshowfont=\toks15
\MPscratchCnt=\count92
\MPscratchDim=\dimen107
\MPnumerator=\count93
\makeMPintoPDFobject=\count94
\everyMPtoPDFconversion=\toks16
) (/usr/share/texlive/texmf-dist/tex/generic/oberdiek/pdftexcmds.sty
Package: pdftexcmds 2011/11/29 v0.20 Utility functions of pdfTeX for LuaTeX (HO
)

(/usr/share/texlive/texmf-dist/tex/generic/oberdiek/ifluatex.sty
Package: ifluatex 2010/03/01 v1.3 Provides the ifluatex switch (HO)
Package ifluatex Info: LuaTeX not detected.
)
(/usr/share/texlive/texmf-dist/tex/generic/oberdiek/ifpdf.sty
Package: ifpdf 2011/01/30 v2.3 Provides the ifpdf switch (HO)
Package ifpdf Info: pdfTeX in PDF mode is detected.
)
Package pdftexcmds Info: LuaTeX not detected.
Package pdftexcmds Info: \pdf@primitive is available.
Package pdftexcmds Info: \pdf@ifprimitive is available.
Package pdftexcmds Info: \pdfdraftmode found.
)
(/usr/share/texlive/texmf-dist/tex/latex/oberdiek/epstopdf-base.sty
Package: epstopdf-base 2010/02/09 v2.5 Base part for package epstopdf

(/usr/share/texlive/texmf-dist/tex/latex/oberdiek/grfext.sty
Package: grfext 2010/08/19 v1.1 Manage graphics extensions (HO)

(/usr/share/texlive/texmf-dist/tex/generic/oberdiek/kvdefinekeys.sty
Package: kvdefinekeys 2011/04/07 v1.3 Define keys (HO)
))
(/usr/share/texlive/texmf-dist/tex/latex/oberdiek/kvoptions.sty
Package: kvoptions 2011/06/30 v3.11 Key value format for package options (HO)

(/usr/share/texlive/texmf-dist/tex/generic/oberdiek/kvsetkeys.sty
Package: kvsetkeys 2012/04/25 v1.16 Key value parser (HO)

(/usr/share/texlive/texmf-dist/tex/generic/oberdiek/etexcmds.sty
Package: etexcmds 2011/02/16 v1.5 Avoid name clashes with e-TeX commands (HO)
Package etexcmds Info: Could not find \expanded.
(etexcmds)             That can mean that you are not using pdfTeX 1.50 or
(etexcmds)             that some package has redefined \expanded.
(etexcmds)             In the latter case, load this package earlier.
)))
Package grfext Info: Graphics extension search list:
(grfext)             [.png,.pdf,.jpg,.mps,.jpeg,.jbig2,.jb2,.PNG,.PDF,.JPG,.JPE
G,.JBIG2,.JB2,.eps]
(grfext)             \AppendGraphicsExtensions on input line 452.

(/usr/share/texlive/texmf-dist/tex/latex/latexconfig/epstopdf-sys.cfg
File: epstopdf-sys.cfg 2010/07/13 v1.3 Configuration of (r)epstopdf for TeX Liv
e
))

LaTeX Font Warning: Font shape `OT1/cmr/m/n' in size <18.06749> not available
(Font)              size <17.28> substituted on input line 4.


LaTeX Font Warning: Font shape `OT1/cmr/bx/n' in size <18.06749> not available
(Font)              size <17.28> substituted on input line 4.

LaTeX Font Info:    Calculating math sizes for size <18.06749> on input line 4.


LaTeX Font Warning: Font shape `OT1/cmr/bx/n' in size <12.64719> not available
(Font)              size <12> substituted on input line 4.


LaTeX Font Warning: Font shape `OML/cmm/b/it' in size <18.06749> not available
(Font)              size <17.28> substituted on input line 4.


LaTeX Font Warning: Font shape `OML/cmm/b/it' in size <12.64719> not available
(Font)              size <12> substituted on input line 4.


LaTeX Font Warning: Font shape `OMS/cmsy/b/n' in size <18.06749> not available
(Font)              size <17.28> substituted on input line 4.


LaTeX Font Warning: Font shape `OMS/cmsy/b/n' in size <12.64719> not available
(Font)              size <12> substituted on input line 4.

LaTeX Font Info:    External font `cmex10' loaded for size
(Font)              <18.06749> on input line 4.
LaTeX Font Info:    External font `cmex10' loaded for size
(Font)              <12.64719> on input line 4.
LaTeX Font Info:    External font `cmex10' loaded for size
(Font)              <9.03374> on input line 4.

LaTeX Font Warning: Font shape `OT1/cmr/m/n' in size <12.64719> not available
(Font)              size <12> substituted on input line 4.


LaTeX Font Warning: Font shape `OML/cmm/m/it' in size <18.06749> not available
(Font)              size <17.28> substituted on input line 4.


LaTeX Font Warning: Font shape `OML/cmm/m/it' in size <12.64719> not available
(Font)              size <12> substituted on input line 4.


LaTeX Font Warning: Font shape `OMS/cmsy/m/n' in size <18.06749> not available
(Font)              size <17.28> substituted on input line 4.


LaTeX Font Warning: Font shape `OMS/cmsy/m/n' in size <12.64719> not available
(Font)              size <12> substituted on input line 4.


LaTeX Font Warning: Font shape `OT1/cmr/bx/it' in size <18.06749> not available

(Font)              size <17.28> substituted on input line 4.

LaTeX Font Info:    External font `cmex10' loaded for size
(Font)              <9> on input line 13.
LaTeX Font Info:    External font `cmex10' loaded for size
(Font)              <6> on input line 13.
LaTeX Font Info:    External font `cmex10' loaded for size
(Font)              <5> on input line 13.
LaTeX Font Info:    External font `cmex10' loaded for size
(Font)              <10.95> on input line 17.
LaTeX Font Info:    External font `cmex10' loaded for size
(Font)              <8> on input line 17.
[1

{/var/lib/texmf/fonts/map/pdftex/updmap/pdftex.map}] [2] [3]
LaTeX Font Info:    Font shape `OT1/cmtt/bx/n' in size <10.95> not available
(Font)              Font shape `OT1/cmtt/m/n' tried instead on input line 152.

Underfull \hbox (badness 2698) in paragraph at lines 181--189
\OT1/cmr/m/n/10.95 Numeric reference lists should contain the references within
 an unnumbered section
 []


Underfull \hbox (badness 1845) in paragraph at lines 181--189
\OT1/cmr/m/n/10.95 (such as []\OT1/cmtt/m/n/10.95 \section*{References}\OT1/cmr
/m/n/10.95 ). The reference list itself is started by the code
 []

[4]
Overfull \hbox (4.65094pt too wide) in paragraph at lines 237--237
[]\OT1/cmtt/m/n/10.95 \item Nakamura S, Senoh M, Nagahama S, Iwase N, Yamada T,
 Matsushita T, Kiyoku H[] 
 []


LaTeX Warning: `h' float specifier changed to `ht'.

[5] [6]

LaTeX Warning: `h' float specifier changed to `ht'.

[7]
LaTeX Font Info:    External font `cmex10' loaded for size
(Font)              <17.28> on input line 451.
LaTeX Font Info:    External font `cmex10' loaded for size
(Font)              <12> on input line 451.


LaTeX Warning: `h' float specifier changed to `ht'.

[8]
Package epstopdf Info: Source file: <name.eps>
(epstopdf)                    date: 2004-05-26 12:32:04
(epstopdf)                    size: 273 bytes
(epstopdf)             Output file: <name-eps-converted-to.pdf>
(epstopdf)                    date: 2017-09-27 13:10:04
(epstopdf)                    size: 4609 bytes
(epstopdf)             Command: <repstopdf --outfile=name-eps-converted-to.pdf 
name.eps>
(epstopdf)             \includegraphics on input line 470.
Package epstopdf Info: Output file is already uptodate.
 <name-eps-converted-to.pdf, id=45, 146.5475pt x 146.5475pt>
File: name-eps-converted-to.pdf Graphic file (type pdf)

<use name-eps-converted-to.pdf>
Package pdftex.def Info: name-eps-converted-to.pdf used on input line 470.
(pdftex.def)             Requested size: 168.0pt x 167.99832pt.
Package epstopdf Info: Source file: <name.eps>
(epstopdf)                    date: 2004-05-26 12:32:04
(epstopdf)                    size: 273 bytes
(epstopdf)             Output file: <name-eps-converted-to.pdf>
(epstopdf)                    date: 2017-09-27 13:10:04
(epstopdf)                    size: 4609 bytes
(epstopdf)             Command: <repstopdf --outfile=name-eps-converted-to.pdf 
name.eps>
(epstopdf)             \includegraphics on input line 474.
Package epstopdf Info: Output file is already uptodate.
File: name-eps-converted-to.pdf Graphic file (type pdf)
 <use name-eps-converted-to.pdf>
Package pdftex.def Info: name-eps-converted-to.pdf used on input line 474.
(pdftex.def)             Requested size: 168.0pt x 167.99832pt.

Underfull \hbox (badness 1371) in paragraph at lines 475--475
[]\OT1/cmr/bx/n/10.95 Figure 2. []\OT1/cmr/m/n/10.95 Figure caption for
 []

Package epstopdf Info: Source file: <name.eps>
(epstopdf)                    date: 2004-05-26 12:32:04
(epstopdf)                    size: 273 bytes
(epstopdf)             Output file: <name-eps-converted-to.pdf>
(epstopdf)                    date: 2017-09-27 13:10:04
(epstopdf)                    size: 4609 bytes
(epstopdf)             Command: <repstopdf --outfile=name-eps-converted-to.pdf 
name.eps>
(epstopdf)             \includegraphics on input line 480.
Package epstopdf Info: Output file is already uptodate.
File: name-eps-converted-to.pdf Graphic file (type pdf)
<use name-eps-converted-to.pdf>
Package pdftex.def Info: name-eps-converted-to.pdf used on input line 480.
(pdftex.def)             Requested size: 168.0pt x 167.99832pt.


LaTeX Warning: `h' float specifier changed to `ht'.

[9 <./name-eps-converted-to.pdf>] [10] (./JPCSLaTeXGuidelines.aux)

LaTeX Font Warning: Size substitutions with differences
(Font)              up to 0.78749pt have occurred.


LaTeX Warning: There were multiply-defined labels.

 ) 
Here is how much of TeX's memory you used:
 1734 strings out of 493029
 23060 string characters out of 6136234
 91541 words of memory out of 5000000
 5266 multiletter control sequences out of 15000+600000
 14174 words of font info for 49 fonts, out of 8000000 for 9000
 1141 hyphenation exceptions out of 8191
 37i,13n,23p,1201b,375s stack positions out of 5000i,500n,10000p,200000b,80000s
</usr/share/texlive/texmf-dist/fonts/type1/public/amsfonts/cm/cmbx10.pfb></us
r/share/texlive/texmf-dist/fonts/type1/public/amsfonts/cm/cmbx12.pfb></usr/shar
e/texlive/texmf-dist/fonts/type1/public/amsfonts/cm/cmbx9.pfb></usr/share/texli
ve/texmf-dist/fonts/type1/public/amsfonts/cm/cmbxti10.pfb></usr/share/texlive/t
exmf-dist/fonts/type1/public/amsfonts/cm/cmcsc10.pfb></usr/share/texlive/texmf-
dist/fonts/type1/public/amsfonts/cm/cmmi10.pfb></usr/share/texlive/texmf-dist/f
onts/type1/public/amsfonts/cm/cmmi9.pfb></usr/share/texlive/texmf-dist/fonts/ty
pe1/public/amsfonts/cm/cmmib10.pfb></usr/share/texlive/texmf-dist/fonts/type1/p
ublic/amsfonts/cm/cmr10.pfb></usr/share/texlive/texmf-dist/fonts/type1/public/a
msfonts/cm/cmr6.pfb></usr/share/texlive/texmf-dist/fonts/type1/public/amsfonts/
cm/cmr8.pfb></usr/share/texlive/texmf-dist/fonts/type1/public/amsfonts/cm/cmr9.
pfb></usr/share/texlive/texmf-dist/fonts/type1/public/amsfonts/cm/cmsy10.pfb></
usr/share/texlive/texmf-dist/fonts/type1/public/amsfonts/cm/cmti10.pfb></usr/sh
are/texlive/texmf-dist/fonts/type1/public/amsfonts/cm/cmti9.pfb></usr/share/tex
live/texmf-dist/fonts/type1/public/amsfonts/cm/cmtt10.pfb></usr/share/texlive/t
exmf-dist/fonts/type1/public/amsfonts/cm/cmtt9.pfb>
Output written on JPCSLaTeXGuidelines.pdf (10 pages, 243195 bytes).
PDF statistics:
 111 PDF objects out of 1000 (max. 8388607)
 79 compressed objects within 1 object stream
 0 named destinations out of 1000 (max. 500000)
 6 words of extra memory for PDF output out of 10000 (max. 10000000)

